I (2510) PLOG: [381.663] I/WEATHER_STATION: Sleep #40
I (2515) PLOG: [389.168] I/WEATHER_STATION: Sleep #41
I (2520) PLOG: [396.672] I/WEATHER_STATION: Sleep #42
I (2524) PLOG: [404.176] I/WEATHER_STATION: Sleep #43
I (2529) PLOG: [411.680] I/WEATHER_STATION: Sleep #44
I (2534) PLOG: [419.184] I/WEATHER_STATION: Sleep #45
I (2539) PLOG: [426.689] I/WEATHER_STATION: Sleep #46
I (2544) PLOG: [434.193] I/WEATHER_STATION: Sleep #47
I (2548) PLOG: [441.697] I/WEATHER_STATION: Sleep #48
I (2553) PLOG: [449.201] I/WEATHER_STATION: Sleep #49
I (2558) PLOG: [456.706] I/WEATHER_STATION: Sleep #50
I (2563) PLOG: [464.210] I/WEATHER_STATION: Sleep #51
I (2567) PLOG: [471.714] I/WEATHER_STATION: Sleep #52
I (2572) PLOG: [479.218] I/WEATHER_STATION: Sleep #53
I (2577) PLOG: [486.723] I/WEATHER_STATION: Sleep #54
I (2582) PLOG: [494.227] I/WEATHER_STATION: Sleep #55
I (2587) PLOG: [501.731] I/WEATHER_STATION: Sleep #56
I (2591) PLOG: [509.235] I/WEATHER_STATION: Sleep #57
I (2596) PLOG: [516.740] I/WEATHER_STATION: Sleep #58
I (2601) PLOG: [524.244] I/WEATHER_STATION: Sleep #59
I (2606) PLOG: [531.748] I/WEATHER_STATION: Sleep #60
I (2610) PLOG: [539.252] I/WEATHER_STATION: Sleep #61
I (2615) PLOG: [546.760] I/WEATHER_STATION: Sleep #62
I (2620) PLOG: [554.265] I/WEATHER_STATION: Sleep #63
I (2625) PLOG: [561.769] I/WEATHER_STATION: Sleep #64
I (2630) PLOG: [569.273] I/WEATHER_STATION: Sleep #65
I (2634) PLOG: [576.777] I/WEATHER_STATION: Sleep #66
I (2639) PLOG: [584.282] I/WEATHER_STATION: Sleep #67
I (2644) PLOG: [591.786] I/WEATHER_STATION: Sleep #68
I (2649) PLOG: [599.290] I/WEATHER_STATION: Sleep #69
I (2653) PLOG: [607.435] I/WEATHER_STATION: Sleep #70
I (2658) PLOG: [611.853] I/WEATHER_STATION: Periodic timer fired - triggering sensor read
I (2666) PLOG: [612.048] I/WEATHER_STATION: Temp: 15.95C
I (2671) PLOG: [612.220] I/WEATHER_STATION: Humidity: 47.44%
I (2677) PLOG: [6.776] I/WEATHER_STATION: Device boot - starting initialization
I (2684) PLOG: [7.066] I/WEATHER_STATION: Sensor read task started
I (2690) PLOG: [11.550] I/WEATHER_STATION: Network joined - PAN:0x0a34 Ch:11 Addr:0x742a
I (2697) PLOG: [13.757] I/WEATHER_STATION: Temp: 15.93C
I (2702) PLOG: [13.874] I/WEATHER_STATION: Humidity: 46.82%
I (2708) PLOG: [14.002] I/WEATHER_STATION: Sensor report #1 complete
I (2714) PLOG: [74.527] I/WEATHER_STATION: Initial config complete - sleep enabled
I (2721) PLOG: [74.642] I/WEATHER_STATION: Sleep #1
I (2725) PLOG: [82.030] I/WEATHER_STATION: Sleep #2
I (2730) PLOG: [89.535] I/WEATHER_STATION: Sleep #3
I (2735) PLOG: [97.039] I/WEATHER_STATION: Sleep #4
I (2739) PLOG: [104.543] I/WEATHER_STATION: Sleep #5
I (2744) PLOG: [112.047] I/WEATHER_STATION: Sleep #6
I (2749) PLOG: [119.552] I/WEATHER_STATION: Sleep #7
I (2753) PLOG: [127.056] I/WEATHER_STATION: Sleep #8
I (2758) PLOG: [134.560] I/WEATHER_STATION: Sleep #9
I (2763) PLOG: [142.064] I/WEATHER_STATION: Sleep #10
I (2767) PLOG: [149.569] I/WEATHER_STATION: Sleep #11
I (2772) PLOG: [157.077] I/WEATHER_STATION: Sleep #12
I (2777) PLOG: [164.581] I/WEATHER_STATION: Sleep #13
I (2782) PLOG: [172.085] I/WEATHER_STATION: Sleep #14
I (2787) PLOG: [179.590] I/WEATHER_STATION: Sleep #15
I (2791) PLOG: [187.094] I/WEATHER_STATION: Sleep #16
I (2796) PLOG: [194.598] I/WEATHER_STATION: Sleep #17
I (2801) PLOG: [202.102] I/WEATHER_STATION: Sleep #18
I (2806) PLOG: [209.607] I/WEATHER_STATION: Sleep #19
I (2810) PLOG: [217.111] I/WEATHER_STATION: Sleep #20
I (2815) PLOG: [224.615] I/WEATHER_STATION: Sleep #21
I (2820) PLOG: [232.119] I/WEATHER_STATION: Sleep #22
I (2825) PLOG: [239.624] I/WEATHER_STATION: Sleep #23
I (2830) PLOG: [247.128] I/WEATHER_STATION: Sleep #24
I (2834) PLOG: [254.632] I/WEATHER_STATION: Sleep #25
I (2839) PLOG: [262.136] I/WEATHER_STATION: Sleep #26
I (2844) PLOG: [269.641] I/WEATHER_STATION: Sleep #27
I (2849) PLOG: [277.149] I/WEATHER_STATION: Sleep #28
I (2853) PLOG: [284.653] I/WEATHER_STATION: Sleep #29
I (2858) PLOG: [292.157] I/WEATHER_STATION: Sleep #30
I (2863) PLOG: [299.662] I/WEATHER_STATION: Sleep #31
I (2868) PLOG: [307.166] I/WEATHER_STATION: Sleep #32
I (2873) PLOG: [311.785] I/WEATHER_STATION: Periodic timer fired - triggering sensor read
I (2881) PLOG: [311.983] I/WEATHER_STATION: Humidity: 51.16%
I (2886) PLOG: [6.777] I/WEATHER_STATION: Device boot - starting initialization
I (2893) PLOG: [7.103] I/WEATHER_STATION: Sensor read task started
I (2899) PLOG: [11.588] I/WEATHER_STATION: Network joined - PAN:0x0a34 Ch:11 Addr:0x742a
I (2907) PLOG: [13.795] I/WEATHER_STATION: Temp: 15.62C
I (2912) PLOG: [13.912] I/WEATHER_STATION: Humidity: 55.36%
I (2917) PLOG: [14.040] I/WEATHER_STATION: Sensor report #1 complete
I (2923) PLOG: [74.565] I/WEATHER_STATION: Initial config complete - sleep enabled
I (2930) PLOG: [74.680] I/WEATHER_STATION: Sleep #1
I (2935) PLOG: [82.068] I/WEATHER_STATION: Sleep #2
I (2939) PLOG: [89.573] I/WEATHER_STATION: Sleep #3
I (2944) PLOG: [97.077] I/WEATHER_STATION: Sleep #4
I (2949) PLOG: [104.581] I/WEATHER_STATION: Sleep #5
I (2953) PLOG: [112.085] I/WEATHER_STATION: Sleep #6
I (2958) PLOG: [119.590] I/WEATHER_STATION: Sleep #7
I (2963) PLOG: [127.094] I/WEATHER_STATION: Sleep #8
I (2967) PLOG: [134.602] I/WEATHER_STATION: Sleep #9
I (2972) PLOG: [142.106] I/WEATHER_STATION: Sleep #10
I (2977) PLOG: [149.611] I/WEATHER_STATION: Sleep #11
I (2982) PLOG: [157.115] I/WEATHER_STATION: Sleep #12
I (2986) PLOG: [164.619] I/WEATHER_STATION: Sleep #13
I (2991) PLOG: [172.123] I/WEATHER_STATION: Sleep #14
I (2996) PLOG: [179.628] I/WEATHER_STATION: Sleep #15
I (3001) PLOG: [187.132] I/WEATHER_STATION: Sleep #16
I (3006) PLOG: [194.636] I/WEATHER_STATION: Sleep #17
I (3010) PLOG: [202.140] I/WEATHER_STATION: Sleep #18
I (3015) PLOG: [209.645] I/WEATHER_STATION: Sleep #19
I (3020) PLOG: [217.149] I/WEATHER_STATION: Sleep #20
I (3025) PLOG: [224.653] I/WEATHER_STATION: Sleep #21
I (3029) PLOG: [232.161] I/WEATHER_STATION: Sleep #22
I (3034) PLOG: [239.666] I/WEATHER_STATION: Sleep #23
I (3039) PLOG: [247.170] I/WEATHER_STATION: Sleep #24
I (3044) PLOG: [254.674] I/WEATHER_STATION: Sleep #25
I (3048) PLOG: [262.178] I/WEATHER_STATION: Sleep #26
I (3053) PLOG: [269.683] I/WEATHER_STATION: Sleep #27
I (3058) PLOG: [277.187] I/WEATHER_STATION: Sleep #28
I (3063) PLOG: [284.691] I/WEATHER_STATION: Sleep #29
I (3068) PLOG: [292.195] I/WEATHER_STATION: Sleep #30
I (3072) PLOG: [299.700] I/WEATHER_STATION: Sleep #31
I (3077) PLOG: [307.204] I/WEATHER_STATION: Sleep #32
I (3082) PLOG: [311.823] I/WEATHER_STATION: Periodic timer fired - triggering sensor read
I (3090) PLOG: [312.022] I/WEATHER_STATION: Humidity: 46.92%
I (3095) PLOG: [6.777] I/WEATHER_STATION: Device boot - starting initialization
I (3102) PLOG: [7.066] I/WEATHER_STATION: Sensor read task started
I (3108) PLOG: [11.552] I/WEATHER_STATION: Network joined - PAN:0x0a34 Ch:11 Addr:0x742a
I (3116) PLOG: [13.759] I/WEATHER_STATION: Temp: 15.51C
I (3121) PLOG: [13.876] I/WEATHER_STATION: Humidity: 50.37%
I (3126) PLOG: [14.004] I/WEATHER_STATION: Sensor report #1 complete
I (3132) PLOG: [74.537] I/WEATHER_STATION: Initial config complete - sleep enabled
I (3140) PLOG: [74.652] I/WEATHER_STATION: Sleep #1
I (3144) PLOG: [82.040] I/WEATHER_STATION: Sleep #2
I (3149) PLOG: [89.545] I/WEATHER_STATION: Sleep #3
I (3153) PLOG: [97.049] I/WEATHER_STATION: Sleep #4
I (3158) PLOG: [104.553] I/WEATHER_STATION: Sleep #5
I (3163) PLOG: [112.057] I/WEATHER_STATION: Sleep #6
I (3167) PLOG: [119.562] I/WEATHER_STATION: Sleep #7
I (3172) PLOG: [127.074] I/WEATHER_STATION: Sleep #8
I (3177) PLOG: [134.578] I/WEATHER_STATION: Sleep #9
I (3181) PLOG: [142.082] I/WEATHER_STATION: Sleep #10
I (3186) PLOG: [149.587] I/WEATHER_STATION: Sleep #11
I (3191) PLOG: [157.095] I/WEATHER_STATION: Sleep #12
I (3196) PLOG: [164.603] I/WEATHER_STATION: Sleep #13
I (3201) PLOG: [172.107] I/WEATHER_STATION: Sleep #14
I (3205) PLOG: [179.612] I/WEATHER_STATION: Sleep #15
I (3210) PLOG: [187.116] I/WEATHER_STATION: Sleep #16
I (3215) PLOG: [194.620] I/WEATHER_STATION: Sleep #17
I (3220) PLOG: [202.124] I/WEATHER_STATION: Sleep #18
I (3224) PLOG: [209.629] I/WEATHER_STATION: Sleep #19
I (3229) PLOG: [217.133] I/WEATHER_STATION: Sleep #20
I (3234) PLOG: [224.637] I/WEATHER_STATION: Sleep #21
I (3239) PLOG: [232.141] I/WEATHER_STATION: Sleep #22
I (3244) PLOG: [239.645] I/WEATHER_STATION: Sleep #23
I (3248) PLOG: [247.149] I/WEATHER_STATION: Sleep #24
I (3253) PLOG: [254.653] I/WEATHER_STATION: Sleep #25
I (3258) PLOG: [262.157] I/WEATHER_STATION: Sleep #26
I (3263) PLOG: [269.662] I/WEATHER_STATION: Sleep #27
I (3267) PLOG: [277.166] I/WEATHER_STATION: Sleep #28
I (3272) PLOG: [284.670] I/WEATHER_STATION: Sleep #29
I (3277) PLOG: [292.174] I/WEATHER_STATION: Sleep #30
I (3282) PLOG: [299.679] I/WEATHER_STATION: Sleep #31
I (3287) PLOG: [307.183] I/WEATHER_STATION: Sleep #32
I (3291) PLOG: [311.787] I/WEATHER_STATION: Periodic timer fired - triggering sensor read
I (3299) PLOG: [311.998] I/WEATHER_STATION: Sensor report #2 complete
I (3305) PLOG: [6.779] I/WEATHER_STATION: Device boot - starting initialization
I (3313) PLOG: [7.068] I/WEATHER_STATION: Sensor read task started
I (3318) PLOG: [21.366] I/WEATHER_STATION: Network joined - PAN:0x0a34 Ch:11 Addr:0x742a
I (3326) PLOG: [23.573] I/WEATHER_STATION: Temp: 15.32C
I (3331) PLOG: [23.690] I/WEATHER_STATION: Humidity: 55.30%
I (3336) PLOG: [23.818] I/WEATHER_STATION: Sensor report #1 complete
I (3343) PLOG: [84.358] I/WEATHER_STATION: Initial config complete - sleep enabled
I (3350) PLOG: [84.473] I/WEATHER_STATION: Sleep #1
I (3354) PLOG: [91.861] I/WEATHER_STATION: Sleep #2
I (3359) PLOG: [99.365] I/WEATHER_STATION: Sleep #3
I (3364) PLOG: [106.868] I/WEATHER_STATION: Sleep #4
I (3368) PLOG: [114.373] I/WEATHER_STATION: Sleep #5
I (3373) PLOG: [121.876] I/WEATHER_STATION: Sleep #6
I (3378) PLOG: [129.380] I/WEATHER_STATION: Sleep #7
I (3382) PLOG: [136.884] I/WEATHER_STATION: Sleep #8
I (3387) PLOG: [144.388] I/WEATHER_STATION: Sleep #9
I (3392) PLOG: [151.891] I/WEATHER_STATION: Sleep #10
I (3396) PLOG: [159.395] I/WEATHER_STATION: Sleep #11
I (3401) PLOG: [166.899] I/WEATHER_STATION: Sleep #12
I (3406) PLOG: [174.403] I/WEATHER_STATION: Sleep #13
I (3411) PLOG: [181.907] I/WEATHER_STATION: Sleep #14
I (3416) PLOG: [189.411] I/WEATHER_STATION: Sleep #15
I (3420) PLOG: [196.914] I/WEATHER_STATION: Sleep #16
I (3425) PLOG: [204.418] I/WEATHER_STATION: Sleep #17
I (3430) PLOG: [211.926] I/WEATHER_STATION: Sleep #18
I (3435) PLOG: [219.430] I/WEATHER_STATION: Sleep #19
I (3439) PLOG: [226.933] I/WEATHER_STATION: Sleep #20
I (3444) PLOG: [234.437] I/WEATHER_STATION: Sleep #21
I (3449) PLOG: [241.941] I/WEATHER_STATION: Sleep #22
I (3454) PLOG: [249.445] I/WEATHER_STATION: Sleep #23
I (3459) PLOG: [256.949] I/WEATHER_STATION: Sleep #24
I (3463) PLOG: [264.453] I/WEATHER_STATION: Sleep #25
I (3468) PLOG: [271.956] I/WEATHER_STATION: Sleep #26
I (3473) PLOG: [279.460] I/WEATHER_STATION: Sleep #27
I (3478) PLOG: [286.964] I/WEATHER_STATION: Sleep #28
I (3482) PLOG: [294.468] I/WEATHER_STATION: Sleep #29
I (3487) PLOG: [301.971] I/WEATHER_STATION: Sleep #30
I (3492) PLOG: [309.479] I/WEATHER_STATION: Sleep #31
I (3497) PLOG: [316.983] I/WEATHER_STATION: Sleep #32
I (3502) PLOG: [321.601] I/WEATHER_STATION: Periodic timer fired - triggering sensor read
I (3510) PLOG: [321.799] I/WEATHER_STATION: Humidity: 52.48%
I (3515) PLOG: [322.019] I/WEATHER_STATION: Sensor report #2 complete
I (3521) PLOG: [6.780] I/WEATHER_STATION: Device boot - starting initialization
I (3528) PLOG: [7.069] I/WEATHER_STATION: Sensor read task started
I (3534) PLOG: [21.365] I/WEATHER_STATION: Network joined - PAN:0x0a34 Ch:11 Addr:0x742a
I (3542) PLOG: [23.572] I/WEATHER_STATION: Temp: 14.91C
I (3547) PLOG: [23.689] I/WEATHER_STATION: Humidity: 51.96%
I (3552) PLOG: [23.817] I/WEATHER_STATION: Sensor report #1 complete
I (3558) PLOG: [84.512] I/WEATHER_STATION: Initial config complete - sleep enabled
I (3565) PLOG: [84.627] I/WEATHER_STATION: Sleep #1
I (3570) PLOG: [92.015] I/WEATHER_STATION: Sleep #2
I (3575) PLOG: [99.519] I/WEATHER_STATION: Sleep #3
I (3579) PLOG: [107.022] I/WEATHER_STATION: Sleep #4
I (3584) PLOG: [114.527] I/WEATHER_STATION: Sleep #5
I (3589) PLOG: [122.030] I/WEATHER_STATION: Sleep #6
I (3593) PLOG: [129.534] I/WEATHER_STATION: Sleep #7
I (3598) PLOG: [137.038] I/WEATHER_STATION: Sleep #8
I (3603) PLOG: [144.542] I/WEATHER_STATION: Sleep #9
I (3607) PLOG: [152.045] I/WEATHER_STATION: Sleep #10
I (3612) PLOG: [159.549] I/WEATHER_STATION: Sleep #11
I (3617) PLOG: [167.053] I/WEATHER_STATION: Sleep #12
I (3622) PLOG: [174.557] I/WEATHER_STATION: Sleep #13
I (3626) PLOG: [182.061] I/WEATHER_STATION: Sleep #14
I (3631) PLOG: [189.565] I/WEATHER_STATION: Sleep #15
I (3636) PLOG: [197.068] I/WEATHER_STATION: Sleep #16
I (3641) PLOG: [204.572] I/WEATHER_STATION: Sleep #17
I (3645) PLOG: [212.076] I/WEATHER_STATION: Sleep #18
I (3650) PLOG: [219.580] I/WEATHER_STATION: Sleep #19
I (3655) PLOG: [227.084] I/WEATHER_STATION: Sleep #20
I (3660) PLOG: [234.587] I/WEATHER_STATION: Sleep #21
I (3665) PLOG: [242.091] I/WEATHER_STATION: Sleep #22
I (3669) PLOG: [249.595] I/WEATHER_STATION: Sleep #23
I (3674) PLOG: [257.099] I/WEATHER_STATION: Sleep #24
I (3679) PLOG: [264.603] I/WEATHER_STATION: Sleep #25
I (3684) PLOG: [272.106] I/WEATHER_STATION: Sleep #26
I (3688) PLOG: [279.610] I/WEATHER_STATION: Sleep #27
I (3693) PLOG: [287.114] I/WEATHER_STATION: Sleep #28
I (3698) PLOG: [294.618] I/WEATHER_STATION: Sleep #29
I (3703) PLOG: [302.121] I/WEATHER_STATION: Sleep #30
I (3708) PLOG: [309.625] I/WEATHER_STATION: Sleep #31
I (3712) PLOG: [317.129] I/WEATHER_STATION: Sleep #32
I (3717) PLOG: [321.600] I/WEATHER_STATION: Periodic timer fired - triggering sensor read
I (3725) PLOG: [321.811] I/WEATHER_STATION: Sensor report #2 complete
I (3731) PLOG: [322.851] I/WEATHER_STATION: Sensor read cycle completed
I (3738) PLOG: [331.371] I/WEATHER_STATION: Sleep #33
I (3742) PLOG: [346.379] I/WEATHER_STATION: Sleep #34
I (3747) PLOG: [353.882] I/WEATHER_STATION: Sleep #35
I (3752) PLOG: [361.387] I/WEATHER_STATION: Sleep #36
I (3757) PLOG: [368.891] I/WEATHER_STATION: Sleep #37
I (3761) PLOG: [376.395] I/WEATHER_STATION: Sleep #38
I (3766) PLOG: [383.898] I/WEATHER_STATION: Sleep #39
I (3771) PLOG: [391.403] I/WEATHER_STATION: Sleep #40
I (3776) PLOG: [398.907] I/WEATHER_STATION: Sleep #41
I (3781) PLOG: [406.414] I/WEATHER_STATION: Sleep #42
I (3785) PLOG: [413.918] I/WEATHER_STATION: Sleep #43
I (3790) PLOG: [421.423] I/WEATHER_STATION: Sleep #44
I (3795) PLOG: [428.926] I/WEATHER_STATION: Sleep #45
I (3800) PLOG: [436.430] I/WEATHER_STATION: Sleep #46
I (3804) PLOG: [443.933] I/WEATHER_STATION: Sleep #47
I (3809) PLOG: [451.438] I/WEATHER_STATION: Sleep #48
I (3814) PLOG: [458.942] I/WEATHER_STATION: Sleep #49
I (3819) PLOG: [466.445] I/WEATHER_STATION: Sleep #50
I (3824) PLOG: [473.949] I/WEATHER_STATION: Sleep #51
I (3828) PLOG: [481.453] I/WEATHER_STATION: Sleep #52
I (3833) PLOG: [488.957] I/WEATHER_STATION: Sleep #53
I (3838) PLOG: [496.460] I/WEATHER_STATION: Sleep #54
I (3843) PLOG: [503.964] I/WEATHER_STATION: Sleep #55
I (3847) PLOG: [511.468] I/WEATHER_STATION: Sleep #56
I (3852) PLOG: [518.972] I/WEATHER_STATION: Sleep #57
I (3857) PLOG: [526.476] I/WEATHER_STATION: Sleep #58
I (3862) PLOG: [533.979] I/WEATHER_STATION: Sleep #59
I (3866) PLOG: [541.483] I/WEATHER_STATION: Sleep #60
I (3871) PLOG: [548.987] I/WEATHER_STATION: Sleep #61
I (3876) PLOG: [556.491] I/WEATHER_STATION: Sleep #62
I (3881) PLOG: [563.994] I/WEATHER_STATION: Sleep #63
I (3886) PLOG: [571.498] I/WEATHER_STATION: Sleep #64
I (3890) PLOG: [579.002] I/WEATHER_STATION: Sleep #65
I (3895) PLOG: [586.506] I/WEATHER_STATION: Sleep #66
I (3900) PLOG: [594.009] I/WEATHER_STATION: Sleep #67
I (3905) PLOG: [601.514] I/WEATHER_STATION: Sleep #68
I (3909) PLOG: [609.018] I/WEATHER_STATION: Sleep #69
I (3914) PLOG: [616.521] I/WEATHER_STATION: Sleep #70
I (3919) PLOG: [621.600] I/WEATHER_STATION: Periodic timer fired - triggering sensor read
I (3927) PLOG: [621.798] I/WEATHER_STATION: Humidity: 57.78%
I (3932) PLOG: [6.775] I/WEATHER_STATION: Device boot - starting initialization
I (3939) PLOG: [7.064] I/WEATHER_STATION: Sensor read task started
I (3945) PLOG: [11.571] I/WEATHER_STATION: Network joined - PAN:0x0a34 Ch:11 Addr:0x742a
I (3953) PLOG: [13.778] I/WEATHER_STATION: Temp: 14.51C
I (3958) PLOG: [13.895] I/WEATHER_STATION: Humidity: 57.13%
I (3963) PLOG: [14.023] I/WEATHER_STATION: Sensor report #1 complete
I (3969) PLOG: [74.544] I/WEATHER_STATION: Initial config complete - sleep enabled
I (3977) PLOG: [74.659] I/WEATHER_STATION: Sleep #1
I (3981) PLOG: [82.047] I/WEATHER_STATION: Sleep #2
I (3986) PLOG: [89.552] I/WEATHER_STATION: Sleep #3
I (3990) PLOG: [97.056] I/WEATHER_STATION: Sleep #4
I (3995) PLOG: [104.560] I/WEATHER_STATION: Sleep #5
I (4000) PLOG: [112.064] I/WEATHER_STATION: Sleep #6
I (4004) PLOG: [119.569] I/WEATHER_STATION: Sleep #7
I (4009) PLOG: [127.073] I/WEATHER_STATION: Sleep #8
I (4014) PLOG: [134.577] I/WEATHER_STATION: Sleep #9
I (4019) PLOG: [142.081] I/WEATHER_STATION: Sleep #10
I (4023) PLOG: [149.586] I/WEATHER_STATION: Sleep #11
I (4028) PLOG: [157.090] I/WEATHER_STATION: Sleep #12
I (4033) PLOG: [164.594] I/WEATHER_STATION: Sleep #13
I (4038) PLOG: [172.098] I/WEATHER_STATION: Sleep #14
I (4042) PLOG: [179.603] I/WEATHER_STATION: Sleep #15
I (4047) PLOG: [187.107] I/WEATHER_STATION: Sleep #16
I (4052) PLOG: [194.611] I/WEATHER_STATION: Sleep #17
I (4057) PLOG: [202.115] I/WEATHER_STATION: Sleep #18
I (4062) PLOG: [209.620] I/WEATHER_STATION: Sleep #19
I (4066) PLOG: [217.124] I/WEATHER_STATION: Sleep #20
I (4071) PLOG: [224.628] I/WEATHER_STATION: Sleep #21
I (4076) PLOG: [232.132] I/WEATHER_STATION: Sleep #22
I (4081) PLOG: [239.641] I/WEATHER_STATION: Sleep #23
I (4085) PLOG: [247.145] I/WEATHER_STATION: Sleep #24
I (4090) PLOG: [254.649] I/WEATHER_STATION: Sleep #25
I (4095) PLOG: [262.153] I/WEATHER_STATION: Sleep #26
I (4100) PLOG: [269.658] I/WEATHER_STATION: Sleep #27
I (4105) PLOG: [277.162] I/WEATHER_STATION: Sleep #28
I (4109) PLOG: [284.666] I/WEATHER_STATION: Sleep #29
I (4114) PLOG: [292.170] I/WEATHER_STATION: Sleep #30
I (4119) PLOG: [299.675] I/WEATHER_STATION: Sleep #31
I (4124) PLOG: [307.179] I/WEATHER_STATION: Sleep #32
I (4128) PLOG: [311.806] I/WEATHER_STATION: Periodic timer fired - triggering sensor read
I (4136) PLOG: [6.775] I/WEATHER_STATION: Device boot - starting initialization
I (4143) PLOG: [7.099] I/WEATHER_STATION: Sensor read task started
I (4149) PLOG: [11.585] I/WEATHER_STATION: Network joined - PAN:0x0a34 Ch:11 Addr:0x742a
I (4157) PLOG: [13.792] I/WEATHER_STATION: Temp: 14.29C
I (4162) PLOG: [13.909] I/WEATHER_STATION: Humidity: 52.25%
I (4167) PLOG: [14.037] I/WEATHER_STATION: Sensor report #1 complete
I (4173) PLOG: [76.191] I/WEATHER_STATION: Initial config complete - sleep enabled
I (4181) PLOG: [76.306] I/WEATHER_STATION: Sleep #1
I (4185) PLOG: [83.694] I/WEATHER_STATION: Sleep #2
I (4190) PLOG: [91.199] I/WEATHER_STATION: Sleep #3
I (4194) PLOG: [98.703] I/WEATHER_STATION: Sleep #4
I (4199) PLOG: [106.207] I/WEATHER_STATION: Sleep #5
I (4204) PLOG: [113.711] I/WEATHER_STATION: Sleep #6
I (4208) PLOG: [121.216] I/WEATHER_STATION: Sleep #7
I (4213) PLOG: [128.720] I/WEATHER_STATION: Sleep #8
I (4218) PLOG: [136.224] I/WEATHER_STATION: Sleep #9
I (4223) PLOG: [143.728] I/WEATHER_STATION: Sleep #10
I (4227) PLOG: [151.233] I/WEATHER_STATION: Sleep #11
I (4232) PLOG: [158.737] I/WEATHER_STATION: Sleep #12
I (4237) PLOG: [166.245] I/WEATHER_STATION: Sleep #13
I (4242) PLOG: [173.753] I/WEATHER_STATION: Sleep #14
I (4246) PLOG: [181.258] I/WEATHER_STATION: Sleep #15
I (4251) PLOG: [188.762] I/WEATHER_STATION: Sleep #16
I (4256) PLOG: [196.266] I/WEATHER_STATION: Sleep #17
I (4261) PLOG: [203.770] I/WEATHER_STATION: Sleep #18
I (4266) PLOG: [211.275] I/WEATHER_STATION: Sleep #19
I (4270) PLOG: [218.779] I/WEATHER_STATION: Sleep #20
I (4275) PLOG: [226.283] I/WEATHER_STATION: Sleep #21
I (4280) PLOG: [233.787] I/WEATHER_STATION: Sleep #22
I (4285) PLOG: [241.292] I/WEATHER_STATION: Sleep #23
I (4289) PLOG: [248.796] I/WEATHER_STATION: Sleep #24
I (4294) PLOG: [256.300] I/WEATHER_STATION: Sleep #25
I (4299) PLOG: [263.804] I/WEATHER_STATION: Sleep #26
I (4304) PLOG: [271.309] I/WEATHER_STATION: Sleep #27
I (4308) PLOG: [278.813] I/WEATHER_STATION: Sleep #28
I (4313) PLOG: [286.317] I/WEATHER_STATION: Sleep #29
I (4318) PLOG: [293.821] I/WEATHER_STATION: Sleep #30
I (4323) PLOG: [301.326] I/WEATHER_STATION: Sleep #31
I (4328) PLOG: [308.830] I/WEATHER_STATION: Sleep #32
I (4332) PLOG: [311.820] I/WEATHER_STATION: Periodic timer fired - triggering sensor read
I (4340) PLOG: [312.016] I/WEATHER_STATION: Temp: 13.59C
I (4345) PLOG: [312.187] I/WEATHER_STATION: Humidity: 56.28%
I (4351) PLOG: [6.775] I/WEATHER_STATION: Device boot - starting initialization
I (4358) PLOG: [7.065] I/WEATHER_STATION: Sensor read task started
I (4364) PLOG: [11.556] I/WEATHER_STATION: Network joined - PAN:0x0a34 Ch:11 Addr:0x742a
I (4372) PLOG: [13.763] I/WEATHER_STATION: Temp: 13.57C
I (4376) PLOG: [13.880] I/WEATHER_STATION: Humidity: 56.09%
I (4382) PLOG: [14.008] I/WEATHER_STATION: Sensor report #1 complete
I (4388) PLOG: [74.541] I/WEATHER_STATION: Initial config complete - sleep enabled
I (4395) PLOG: [74.656] I/WEATHER_STATION: Sleep #1
I (4400) PLOG: [82.044] I/WEATHER_STATION: Sleep #2
I (4404) PLOG: [89.549] I/WEATHER_STATION: Sleep #3
I (4409) PLOG: [97.053] I/WEATHER_STATION: Sleep #4
I (4413) PLOG: [104.557] I/WEATHER_STATION: Sleep #5
I (4418) PLOG: [112.061] I/WEATHER_STATION: Sleep #6
I (4423) PLOG: [119.566] I/WEATHER_STATION: Sleep #7
I (4428) PLOG: [127.070] I/WEATHER_STATION: Sleep #8
I (4432) PLOG: [134.574] I/WEATHER_STATION: Sleep #9
I (4437) PLOG: [142.078] I/WEATHER_STATION: Sleep #10
I (4442) PLOG: [149.583] I/WEATHER_STATION: Sleep #11
I (4446) PLOG: [157.087] I/WEATHER_STATION: Sleep #12
I (4451) PLOG: [164.591] I/WEATHER_STATION: Sleep #13
I (4456) PLOG: [172.095] I/WEATHER_STATION: Sleep #14
I (4461) PLOG: [179.600] I/WEATHER_STATION: Sleep #15
I (4466) PLOG: [187.104] I/WEATHER_STATION: Sleep #16
I (4470) PLOG: [194.608] I/WEATHER_STATION: Sleep #17
I (4475) PLOG: [202.112] I/WEATHER_STATION: Sleep #18
I (4480) PLOG: [209.617] I/WEATHER_STATION: Sleep #19
I (4485) PLOG: [217.121] I/WEATHER_STATION: Sleep #20
I (4489) PLOG: [224.625] I/WEATHER_STATION: Sleep #21
I (4494) PLOG: [232.129] I/WEATHER_STATION: Sleep #22
I (4499) PLOG: [239.634] I/WEATHER_STATION: Sleep #23
I (4504) PLOG: [247.138] I/WEATHER_STATION: Sleep #24
I (4509) PLOG: [254.642] I/WEATHER_STATION: Sleep #25
I (4513) PLOG: [262.146] I/WEATHER_STATION: Sleep #26
I (4518) PLOG: [269.651] I/WEATHER_STATION: Sleep #27
I (4523) PLOG: [277.155] I/WEATHER_STATION: Sleep #28
I (4528) PLOG: [284.659] I/WEATHER_STATION: Sleep #29
I (4532) PLOG: [292.163] I/WEATHER_STATION: Sleep #30
I (4537) PLOG: [299.668] I/WEATHER_STATION: Sleep #31
I (4542) PLOG: [307.172] I/WEATHER_STATION: Sleep #32
I (4547) PLOG: [311.791] I/WEATHER_STATION: Periodic timer fired - triggering sensor read
I (4555) PLOG: [311.987] I/WEATHER_STATION: Temp: 12.27C
I (4560) PLOG: [312.173] I/WEATHER_STATION: Sensor report #2 complete
I (4566) PLOG: [313.214] I/WEATHER_STATION: Sensor read cycle completed
I (4572) PLOG: [321.722] I/WEATHER_STATION: Sleep #33
I (4577) PLOG: [336.730] I/WEATHER_STATION: Sleep #34
I (4582) PLOG: [344.234] I/WEATHER_STATION: Sleep #35
I (4587) PLOG: [351.739] I/WEATHER_STATION: Sleep #36
I (4591) PLOG: [359.243] I/WEATHER_STATION: Sleep #37
I (4596) PLOG: [366.747] I/WEATHER_STATION: Sleep #38
I (4601) PLOG: [374.251] I/WEATHER_STATION: Sleep #39
I (4606) PLOG: [381.756] I/WEATHER_STATION: Sleep #40
I (4610) PLOG: [389.260] I/WEATHER_STATION: Sleep #41
I (4615) PLOG: [396.764] I/WEATHER_STATION: Sleep #42
I (4620) PLOG: [404.268] I/WEATHER_STATION: Sleep #43
I (4625) PLOG: [411.773] I/WEATHER_STATION: Sleep #44
I (4630) PLOG: [419.281] I/WEATHER_STATION: Sleep #45
I (4634) PLOG: [426.785] I/WEATHER_STATION: Sleep #46
I (4639) PLOG: [434.289] I/WEATHER_STATION: Sleep #47
I (4644) PLOG: [441.793] I/WEATHER_STATION: Sleep #48
I (4649) PLOG: [449.298] I/WEATHER_STATION: Sleep #49
I (4653) PLOG: [456.802] I/WEATHER_STATION: Sleep #50
I (4658) PLOG: [464.306] I/WEATHER_STATION: Sleep #51
I (4663) PLOG: [471.810] I/WEATHER_STATION: Sleep #52
I (4668) PLOG: [479.314] I/WEATHER_STATION: Sleep #53
I (4673) PLOG: [486.819] I/WEATHER_STATION: Sleep #54
I (4677) PLOG: [494.323] I/WEATHER_STATION: Sleep #55
I (4682) PLOG: [501.827] I/WEATHER_STATION: Sleep #56
I (4687) PLOG: [509.331] I/WEATHER_STATION: Sleep #57
I (4692) PLOG: [516.836] I/WEATHER_STATION: Sleep #58
I (4696) PLOG: [524.340] I/WEATHER_STATION: Sleep #59
I (4701) PLOG: [531.844] I/WEATHER_STATION: Sleep #60
I (4706) PLOG: [539.348] I/WEATHER_STATION: Sleep #61
I (4711) PLOG: [546.853] I/WEATHER_STATION: Sleep #62
I (4716) PLOG: [554.357] I/WEATHER_STATION: Sleep #63
I (4720) PLOG: [561.861] I/WEATHER_STATION: Sleep #64
I (4725) PLOG: [569.365] I/WEATHER_STATION: Sleep #65
I (4730) PLOG: [576.869] I/WEATHER_STATION: Sleep #66
I (4735) PLOG: [584.374] I/WEATHER_STATION: Sleep #67
I (4739) PLOG: [591.878] I/WEATHER_STATION: Sleep #68
I (4744) PLOG: [599.382] I/WEATHER_STATION: Sleep #69
I (4749) PLOG: [607.378] I/WEATHER_STATION: Sleep #70
I (4754) PLOG: [611.791] I/WEATHER_STATION: Periodic timer fired - triggering sensor read
I (4762) PLOG: [611.989] I/WEATHER_STATION: Humidity: 60.85%
I (4767) PLOG: [612.210] I/WEATHER_STATION: Sensor report #3 complete
I (4773) PLOG: [613.250] I/WEATHER_STATION: Sensor read cycle completed
I (4780) PLOG: [621.761] I/WEATHER_STATION: Sleep #71
I (4784) PLOG: [636.769] I/WEATHER_STATION: Sleep #72
I (4789) PLOG: [644.273] I/WEATHER_STATION: Sleep #73
I (4794) PLOG: [651.778] I/WEATHER_STATION: Sleep #74
I (4799) PLOG: [659.282] I/WEATHER_STATION: Sleep #75
I (4803) PLOG: [666.786] I/WEATHER_STATION: Sleep #76
I (4808) PLOG: [674.290] I/WEATHER_STATION: Sleep #77
I (4813) PLOG: [681.795] I/WEATHER_STATION: Sleep #78
I (4818) PLOG: [689.299] I/WEATHER_STATION: Sleep #79
I (4822) PLOG: [696.803] I/WEATHER_STATION: Sleep #80
I (4827) PLOG: [704.307] I/WEATHER_STATION: Sleep #81
I (4832) PLOG: [711.812] I/WEATHER_STATION: Sleep #82
I (4837) PLOG: [719.316] I/WEATHER_STATION: Sleep #83
I (4842) PLOG: [726.820] I/WEATHER_STATION: Sleep #84
I (4846) PLOG: [734.324] I/WEATHER_STATION: Sleep #85
I (4851) PLOG: [741.829] I/WEATHER_STATION: Sleep #86
I (4856) PLOG: [749.333] I/WEATHER_STATION: Sleep #87
I (4861) PLOG: [756.837] I/WEATHER_STATION: Sleep #88
I (4865) PLOG: [764.341] I/WEATHER_STATION: Sleep #89
I (4870) PLOG: [771.846] I/WEATHER_STATION: Sleep #90
I (4875) PLOG: [779.350] I/WEATHER_STATION: Sleep #91
I (4880) PLOG: [786.854] I/WEATHER_STATION: Sleep #92
I (4885) PLOG: [794.358] I/WEATHER_STATION: Sleep #93
I (4889) PLOG: [801.863] I/WEATHER_STATION: Sleep #94
I (4894) PLOG: [809.367] I/WEATHER_STATION: Sleep #95
I (4899) PLOG: [816.871] I/WEATHER_STATION: Sleep #96
I (4904) PLOG: [824.375] I/WEATHER_STATION: Sleep #97
I (4908) PLOG: [831.880] I/WEATHER_STATION: Sleep #98
I (4913) PLOG: [839.384] I/WEATHER_STATION: Sleep #99
I (4918) PLOG: [846.888] I/WEATHER_STATION: Sleep #100
I (4923) PLOG: [854.392] I/WEATHER_STATION: Sleep #101
I (4928) PLOG: [861.897] I/WEATHER_STATION: Sleep #102
I (4933) PLOG: [869.401] I/WEATHER_STATION: Sleep #103
I (4937) PLOG: [876.905] I/WEATHER_STATION: Sleep #104
I (4942) PLOG: [884.409] I/WEATHER_STATION: Sleep #105
I (4947) PLOG: [891.914] I/WEATHER_STATION: Sleep #106
I (4952) PLOG: [899.418] I/WEATHER_STATION: Sleep #107
I (4957) PLOG: [906.922] I/WEATHER_STATION: Sleep #108
I (4962) PLOG: [911.791] I/WEATHER_STATION: Periodic timer fired - triggering sensor read
I (4970) PLOG: [911.986] I/WEATHER_STATION: Temp: 10.00C
I (4975) PLOG: [912.173] I/WEATHER_STATION: Sensor report #4 complete
I (4981) PLOG: [913.215] I/WEATHER_STATION: Sensor read cycle completed
I (4987) PLOG: [921.314] I/WEATHER_STATION: Sleep #109
I (4992) PLOG: [936.322] I/WEATHER_STATION: Sleep #110
I (4997) PLOG: [943.826] I/WEATHER_STATION: Sleep #111
I (5002) PLOG: [951.331] I/WEATHER_STATION: Sleep #112
I (5007) PLOG: [958.835] I/WEATHER_STATION: Sleep #113
I (5012) PLOG: [966.339] I/WEATHER_STATION: Sleep #114
I (5016) PLOG: [973.843] I/WEATHER_STATION: Sleep #115
I (5021) PLOG: [981.352] I/WEATHER_STATION: Sleep #116
I (5026) PLOG: [988.856] I/WEATHER_STATION: Sleep #117
I (5031) PLOG: [996.360] I/WEATHER_STATION: Sleep #118
I (5036) PLOG: [1003.864] I/WEATHER_STATION: Sleep #119
I (5041) PLOG: [1011.369] I/WEATHER_STATION: Sleep #120
I (5046) PLOG: [1018.873] I/WEATHER_STATION: Sleep #121
I (5051) PLOG: [1026.377] I/WEATHER_STATION: Sleep #122
I (5056) PLOG: [1033.885] I/WEATHER_STATION: Sleep #123
I (5061) PLOG: [1041.390] I/WEATHER_STATION: Sleep #124
I (5066) PLOG: [1048.894] I/WEATHER_STATION: Sleep #125
I (5070) PLOG: [1056.398] I/WEATHER_STATION: Sleep #126
I (5075) PLOG: [1063.902] I/WEATHER_STATION: Sleep #127
I (5080) PLOG: [1071.407] I/WEATHER_STATION: Sleep #128
I (5085) PLOG: [1078.911] I/WEATHER_STATION: Sleep #129
I (5090) PLOG: [1086.415] I/WEATHER_STATION: Sleep #130
I (5095) PLOG: [1093.923] I/WEATHER_STATION: Sleep #131
I (5100) PLOG: [1101.428] I/WEATHER_STATION: Sleep #132
I (5105) PLOG: [1108.932] I/WEATHER_STATION: Sleep #133
I (5110) PLOG: [1116.436] I/WEATHER_STATION: Sleep #134
I (5115) PLOG: [1123.940] I/WEATHER_STATION: Sleep #135
I (5120) PLOG: [1131.445] I/WEATHER_STATION: Sleep #136
I (5125) PLOG: [1138.949] I/WEATHER_STATION: Sleep #137
I (5130) PLOG: [1146.453] I/WEATHER_STATION: Sleep #138
I (5135) PLOG: [1153.957] I/WEATHER_STATION: Sleep #139
I (5140) PLOG: [1161.462] I/WEATHER_STATION: Sleep #140
I (5145) PLOG: [1168.966] I/WEATHER_STATION: Sleep #141
I (5150) PLOG: [1176.470] I/WEATHER_STATION: Sleep #142
I (5155) PLOG: [1183.974] I/WEATHER_STATION: Sleep #143
I (5160) PLOG: [1191.479] I/WEATHER_STATION: Sleep #144
I (5165) PLOG: [1198.983] I/WEATHER_STATION: Sleep #145
I (5169) PLOG: [1207.378] I/WEATHER_STATION: Sleep #146
I (5174) PLOG: [1211.791] I/WEATHER_STATION: Periodic timer fired - triggering sensor read
I (5183) PLOG: [1211.986] I/WEATHER_STATION: Temp: 9.08C
I (5187) PLOG: [1212.158] I/WEATHER_STATION: Humidity: 66.64%
I (5193) PLOG: [6.762] I/WEATHER_STATION: Device boot - starting initialization
I (5200) PLOG: [7.052] I/WEATHER_STATION: Sensor read task started
I (5206) PLOG: [11.542] I/WEATHER_STATION: Network joined - PAN:0x0a34 Ch:11 Addr:0x742a
I (5214) PLOG: [13.749] I/WEATHER_STATION: Temp: 9.01C
I (5219) PLOG: [13.866] I/WEATHER_STATION: Humidity: 67.48%
I (5224) PLOG: [14.033] I/WEATHER_STATION: Sensor report #1 complete
I (5230) PLOG: [74.542] I/WEATHER_STATION: Initial config complete - sleep enabled
I (5237) PLOG: [74.657] I/WEATHER_STATION: Sleep #1
I (5242) PLOG: [82.045] I/WEATHER_STATION: Sleep #2
I (5246) PLOG: [89.550] I/WEATHER_STATION: Sleep #3
I (5251) PLOG: [97.054] I/WEATHER_STATION: Sleep #4
I (5256) PLOG: [104.558] I/WEATHER_STATION: Sleep #5
I (5260) PLOG: [112.062] I/WEATHER_STATION: Sleep #6
I (5265) PLOG: [119.567] I/WEATHER_STATION: Sleep #7
I (5270) PLOG: [127.071] I/WEATHER_STATION: Sleep #8
I (5274) PLOG: [134.575] I/WEATHER_STATION: Sleep #9
I (5279) PLOG: [142.079] I/WEATHER_STATION: Sleep #10
I (5284) PLOG: [149.584] I/WEATHER_STATION: Sleep #11
I (5289) PLOG: [157.088] I/WEATHER_STATION: Sleep #12
I (5293) PLOG: [164.592] I/WEATHER_STATION: Sleep #13
I (5298) PLOG: [172.096] I/WEATHER_STATION: Sleep #14
I (5303) PLOG: [179.600] I/WEATHER_STATION: Sleep #15
I (5308) PLOG: [187.104] I/WEATHER_STATION: Sleep #16
I (5312) PLOG: [194.608] I/WEATHER_STATION: Sleep #17
I (5317) PLOG: [202.112] I/WEATHER_STATION: Sleep #18
I (5322) PLOG: [209.617] I/WEATHER_STATION: Sleep #19
I (5327) PLOG: [217.121] I/WEATHER_STATION: Sleep #20
I (5332) PLOG: [224.625] I/WEATHER_STATION: Sleep #21
I (5336) PLOG: [232.129] I/WEATHER_STATION: Sleep #22
I (5341) PLOG: [239.634] I/WEATHER_STATION: Sleep #23
I (5346) PLOG: [247.138] I/WEATHER_STATION: Sleep #24
I (5351) PLOG: [254.642] I/WEATHER_STATION: Sleep #25
I (5355) PLOG: [262.146] I/WEATHER_STATION: Sleep #26
I (5360) PLOG: [269.651] I/WEATHER_STATION: Sleep #27
I (5365) PLOG: [277.155] I/WEATHER_STATION: Sleep #28
I (5370) PLOG: [284.659] I/WEATHER_STATION: Sleep #29
I (5375) PLOG: [292.163] I/WEATHER_STATION: Sleep #30
I (5379) PLOG: [299.668] I/WEATHER_STATION: Sleep #31
I (5384) PLOG: [307.172] I/WEATHER_STATION: Sleep #32
I (5389) PLOG: [311.777] I/WEATHER_STATION: Periodic timer fired - triggering sensor read
I (5397) PLOG: [311.972] I/WEATHER_STATION: Temp: 9.57C
I (5402) PLOG: [312.143] I/WEATHER_STATION: Humidity: 64.52%
I (5407) PLOG: [6.762] I/WEATHER_STATION: Device boot - starting initialization
I (5414) PLOG: [7.051] I/WEATHER_STATION: Sensor read task started
I (5420) PLOG: [11.551] I/WEATHER_STATION: Network joined - PAN:0x0a34 Ch:11 Addr:0x742a
E (5427) task_wdt: Task watchdog got triggered. The following tasks/users did not reset the watchdog in time:
E (5427) task_wdt:  - IDLE (CPU 0)
E (5427) task_wdt: Tasks currently running:
E (5427) task_wdt: CPU 0: main
E (5427) task_wdt: Print CPU 0 (current core) registers
Core  0 register dump:
MEPC    : 0x40019728  RA      : 0x4205825a  SP      : 0x4081d2d0  GP      : 0x40812f94  
--- 0x40019728: strncpy in ROM
--- 0x4205825a: nvs::Item::Item(unsigned char, nvs::ItemType, unsigned char, char const*, unsigned char) at /home/fabian/esp/v5.5.1/esp-idf/components/nvs_flash/src/nvs_types.hpp:82
TP      : 0x4081d740  T0      : 0x400106c4  T1      : 0x0000000f  T2      : 0xffffffff  
--- 0x400106c4: Cache_Enable_ICache in ROM
S0/FP   : 0x4081d2f0  S1      : 0x4084f988  A0      : 0x4081d2f8  A1      : 0x4081d4bf  
A2      : 0x4081d307  A3      : 0xffffffff  A4      : 0x00000000  A5      : 0x4081d305  
A6      : 0x000000ff  A7      : 0x000000ff  S2      : 0x4081d2f0  S3      : 0x000000ff  
S4      : 0x4081d3a0  S5      : 0x00000004  S6      : 0x00000048  S7      : 0x4081d4b8  
S8      : 0x0000007e  S9      : 0x000000ff  S10     : 0x4081d35c  S11     : 0x00000000  
T3      : 0x00000000  T4      : 0x0000021a  T5      : 0xffffffff  T6      : 0xffffffff  
MSTATUS : 0x00001889  MTVEC   : 0x40800001  MCAUSE  : 0xdeadc0de  MTVAL   : 0xdeadc0de  
--- 0x40800001: _vector_table at /home/fabian/esp/v5.5.1/esp-idf/components/riscv/vectors_intc.S:54
MHARTID : 0x00000000  
Please enable CONFIG_ESP_SYSTEM_USE_FRAME_POINTER option to have a full backtrace.
I (5533) PLOG: [13.758] I/WEATHER_STATION: Temp: 9.59C
I (5539) PLOG: [13.875] I/WEATHER_STATION: Humidity: 64.85%
I (5544) PLOG: [14.003] I/WEATHER_STATION: Sensor report #1 complete
I (5550) PLOG: [74.528] I/WEATHER_STATION: Initial config complete - sleep enabled
I (5558) PLOG: [74.643] I/WEATHER_STATION: Sleep #1
I (5562) PLOG: [82.031] I/WEATHER_STATION: Sleep #2
I (5567) PLOG: [89.536] I/WEATHER_STATION: Sleep #3
I (5571) PLOG: [97.040] I/WEATHER_STATION: Sleep #4
I (5576) PLOG: [104.544] I/WEATHER_STATION: Sleep #5
I (5581) PLOG: [112.048] I/WEATHER_STATION: Sleep #6
I (5585) PLOG: [119.553] I/WEATHER_STATION: Sleep #7
I (5590) PLOG: [127.057] I/WEATHER_STATION: Sleep #8
I (5595) PLOG: [134.561] I/WEATHER_STATION: Sleep #9
I (5599) PLOG: [142.065] I/WEATHER_STATION: Sleep #10
I (5604) PLOG: [149.570] I/WEATHER_STATION: Sleep #11
I (5609) PLOG: [157.074] I/WEATHER_STATION: Sleep #12
I (5614) PLOG: [164.578] I/WEATHER_STATION: Sleep #13
I (5619) PLOG: [172.082] I/WEATHER_STATION: Sleep #14
I (5623) PLOG: [179.587] I/WEATHER_STATION: Sleep #15
I (5628) PLOG: [187.091] I/WEATHER_STATION: Sleep #16
I (5633) PLOG: [194.595] I/WEATHER_STATION: Sleep #17
I (5638) PLOG: [202.099] I/WEATHER_STATION: Sleep #18
I (5642) PLOG: [209.604] I/WEATHER_STATION: Sleep #19
I (5647) PLOG: [217.108] I/WEATHER_STATION: Sleep #20
I (5652) PLOG: [224.612] I/WEATHER_STATION: Sleep #21
I (5657) PLOG: [232.116] I/WEATHER_STATION: Sleep #22
I (5662) PLOG: [239.621] I/WEATHER_STATION: Sleep #23
I (5666) PLOG: [247.125] I/WEATHER_STATION: Sleep #24
I (5671) PLOG: [254.629] I/WEATHER_STATION: Sleep #25
I (5676) PLOG: [262.133] I/WEATHER_STATION: Sleep #26
I (5681) PLOG: [269.638] I/WEATHER_STATION: Sleep #27
I (5685) PLOG: [277.142] I/WEATHER_STATION: Sleep #28
I (5690) PLOG: [284.646] I/WEATHER_STATION: Sleep #29
I (5695) PLOG: [292.150] I/WEATHER_STATION: Sleep #30
I (5700) PLOG: [299.655] I/WEATHER_STATION: Sleep #31
I (5705) PLOG: [307.159] I/WEATHER_STATION: Sleep #32
I (5709) PLOG: [311.786] I/WEATHER_STATION: Periodic timer fired - triggering sensor read
I (5717) PLOG: [311.981] I/WEATHER_STATION: Temp: 8.75C
I (5722) PLOG: [312.167] I/WEATHER_STATION: Sensor report #2 complete
I (5728) PLOG: [6.764] I/WEATHER_STATION: Device boot - starting initialization
I (5735) PLOG: [7.054] I/WEATHER_STATION: Sensor read task started
I (5741) PLOG: [24.964] I/WEATHER_STATION: Network joined - PAN:0x0a34 Ch:11 Addr:0x742a
I (5749) PLOG: [27.171] I/WEATHER_STATION: Temp: 8.57C
I (5754) PLOG: [27.288] I/WEATHER_STATION: Humidity: 66.10%
I (5759) PLOG: [27.416] I/WEATHER_STATION: Sensor report #1 complete
I (5765) PLOG: [89.542] I/WEATHER_STATION: Initial config complete - sleep enabled
I (5773) PLOG: [89.691] I/WEATHER_STATION: Sleep #1
I (5777) PLOG: [97.045] I/WEATHER_STATION: Sleep #2
I (5782) PLOG: [104.548] I/WEATHER_STATION: Sleep #3
I (5786) PLOG: [112.052] I/WEATHER_STATION: Sleep #4
I (5791) PLOG: [119.556] I/WEATHER_STATION: Sleep #5
I (5796) PLOG: [127.060] I/WEATHER_STATION: Sleep #6
I (5801) PLOG: [134.563] I/WEATHER_STATION: Sleep #7
I (5805) PLOG: [142.067] I/WEATHER_STATION: Sleep #8
I (5810) PLOG: [149.571] I/WEATHER_STATION: Sleep #9
I (5815) PLOG: [157.074] I/WEATHER_STATION: Sleep #10
I (5819) PLOG: [164.578] I/WEATHER_STATION: Sleep #11
I (5824) PLOG: [172.082] I/WEATHER_STATION: Sleep #12
I (5829) PLOG: [179.585] I/WEATHER_STATION: Sleep #13
I (5834) PLOG: [187.093] I/WEATHER_STATION: Sleep #14
I (5838) PLOG: [194.596] I/WEATHER_STATION: Sleep #15
I (5843) PLOG: [202.100] I/WEATHER_STATION: Sleep #16
I (5848) PLOG: [209.608] I/WEATHER_STATION: Sleep #17
I (5853) PLOG: [217.111] I/WEATHER_STATION: Sleep #18
I (5858) PLOG: [224.615] I/WEATHER_STATION: Sleep #19
I (5862) PLOG: [232.119] I/WEATHER_STATION: Sleep #20
I (5867) PLOG: [239.622] I/WEATHER_STATION: Sleep #21
I (5872) PLOG: [247.126] I/WEATHER_STATION: Sleep #22
I (5877) PLOG: [254.629] I/WEATHER_STATION: Sleep #23
I (5881) PLOG: [262.133] I/WEATHER_STATION: Sleep #24
I (5886) PLOG: [269.637] I/WEATHER_STATION: Sleep #25
I (5891) PLOG: [277.140] I/WEATHER_STATION: Sleep #26
I (5896) PLOG: [284.644] I/WEATHER_STATION: Sleep #27
I (5901) PLOG: [292.148] I/WEATHER_STATION: Sleep #28
I (5905) PLOG: [299.651] I/WEATHER_STATION: Sleep #29
I (5910) PLOG: [307.155] I/WEATHER_STATION: Sleep #30
I (5915) PLOG: [314.658] I/WEATHER_STATION: Sleep #31
I (5920) PLOG: [322.162] I/WEATHER_STATION: Sleep #32
I (5924) PLOG: [325.199] I/WEATHER_STATION: Periodic timer fired - triggering sensor read
I (5933) PLOG: [325.394] I/WEATHER_STATION: Temp: 6.56C
I (5937) PLOG: [325.565] I/WEATHER_STATION: Humidity: 73.33%
I (5943) PLOG: [6.766] I/WEATHER_STATION: Device boot - starting initialization
I (5950) PLOG: [7.090] I/WEATHER_STATION: Sensor read task started
I (5956) PLOG: [11.577] I/WEATHER_STATION: Network joined - PAN:0x0a34 Ch:11 Addr:0x742a
I (5964) PLOG: [13.785] I/WEATHER_STATION: Temp: 6.46C
I (5968) PLOG: [13.902] I/WEATHER_STATION: Humidity: 74.74%
I (5974) PLOG: [14.030] I/WEATHER_STATION: Sensor report #1 complete
I (5980) PLOG: [74.559] I/WEATHER_STATION: Initial config complete - sleep enabled
I (5987) PLOG: [74.674] I/WEATHER_STATION: Sleep #1
I (5992) PLOG: [82.062] I/WEATHER_STATION: Sleep #2
I (5996) PLOG: [89.567] I/WEATHER_STATION: Sleep #3
I (6001) PLOG: [97.071] I/WEATHER_STATION: Sleep #4
I (6005) PLOG: [104.575] I/WEATHER_STATION: Sleep #5
I (6010) PLOG: [112.079] I/WEATHER_STATION: Sleep #6
I (6015) PLOG: [119.584] I/WEATHER_STATION: Sleep #7
I (6019) PLOG: [127.088] I/WEATHER_STATION: Sleep #8
I (6024) PLOG: [134.592] I/WEATHER_STATION: Sleep #9
I (6029) PLOG: [142.096] I/WEATHER_STATION: Sleep #10
I (6034) PLOG: [149.605] I/WEATHER_STATION: Sleep #11
I (6038) PLOG: [157.109] I/WEATHER_STATION: Sleep #12
I (6043) PLOG: [164.613] I/WEATHER_STATION: Sleep #13
I (6048) PLOG: [172.117] I/WEATHER_STATION: Sleep #14
I (6053) PLOG: [179.622] I/WEATHER_STATION: Sleep #15
I (6058) PLOG: [187.126] I/WEATHER_STATION: Sleep #16
I (6062) PLOG: [194.630] I/WEATHER_STATION: Sleep #17
I (6067) PLOG: [202.134] I/WEATHER_STATION: Sleep #18
I (6072) PLOG: [209.639] I/WEATHER_STATION: Sleep #19
I (6077) PLOG: [217.143] I/WEATHER_STATION: Sleep #20
I (6081) PLOG: [224.647] I/WEATHER_STATION: Sleep #21
I (6086) PLOG: [232.151] I/WEATHER_STATION: Sleep #22
I (6091) PLOG: [239.656] I/WEATHER_STATION: Sleep #23
I (6096) PLOG: [247.160] I/WEATHER_STATION: Sleep #24
I (6100) PLOG: [254.664] I/WEATHER_STATION: Sleep #25
I (6105) PLOG: [262.168] I/WEATHER_STATION: Sleep #26
I (6110) PLOG: [269.673] I/WEATHER_STATION: Sleep #27
I (6115) PLOG: [277.177] I/WEATHER_STATION: Sleep #28
I (6120) PLOG: [284.681] I/WEATHER_STATION: Sleep #29
I (6124) PLOG: [292.185] I/WEATHER_STATION: Sleep #30
I (6129) PLOG: [299.690] I/WEATHER_STATION: Sleep #31
I (6134) PLOG: [307.194] I/WEATHER_STATION: Sleep #32
I (6139) PLOG: [311.813] I/WEATHER_STATION: Periodic timer fired - triggering sensor read
I (6147) PLOG: [312.009] I/WEATHER_STATION: Temp: 5.48C
I (6152) PLOG: [312.180] I/WEATHER_STATION: Humidity: 76.86%
I (6157) PLOG: [6.764] I/WEATHER_STATION: Device boot - starting initialization
I (6164) PLOG: [7.053] I/WEATHER_STATION: Sensor read task started
I (6170) PLOG: [11.545] I/WEATHER_STATION: Network joined - PAN:0x0a34 Ch:11 Addr:0x742a
I (6178) PLOG: [13.752] I/WEATHER_STATION: Temp: 5.41C
I (6183) PLOG: [13.869] I/WEATHER_STATION: Humidity: 76.91%
I (6188) PLOG: [13.997] I/WEATHER_STATION: Sensor report #1 complete
I (6194) PLOG: [74.529] I/WEATHER_STATION: Initial config complete - sleep enabled
I (6201) PLOG: [74.644] I/WEATHER_STATION: Sleep #1
I (6206) PLOG: [82.032] I/WEATHER_STATION: Sleep #2
I (6210) PLOG: [89.537] I/WEATHER_STATION: Sleep #3
I (6215) PLOG: [97.049] I/WEATHER_STATION: Sleep #4
I (6220) PLOG: [104.553] I/WEATHER_STATION: Sleep #5
I (6224) PLOG: [112.057] I/WEATHER_STATION: Sleep #6
I (6229) PLOG: [119.562] I/WEATHER_STATION: Sleep #7
I (6234) PLOG: [127.066] I/WEATHER_STATION: Sleep #8
I (6238) PLOG: [134.570] I/WEATHER_STATION: Sleep #9
I (6243) PLOG: [142.074] I/WEATHER_STATION: Sleep #10
I (6248) PLOG: [149.579] I/WEATHER_STATION: Sleep #11
I (6253) PLOG: [157.083] I/WEATHER_STATION: Sleep #12
I (6257) PLOG: [164.587] I/WEATHER_STATION: Sleep #13
I (6262) PLOG: [172.091] I/WEATHER_STATION: Sleep #14
I (6267) PLOG: [179.596] I/WEATHER_STATION: Sleep #15
I (6272) PLOG: [187.100] I/WEATHER_STATION: Sleep #16
I (6276) PLOG: [194.604] I/WEATHER_STATION: Sleep #17
I (6281) PLOG: [202.108] I/WEATHER_STATION: Sleep #18
I (6286) PLOG: [209.613] I/WEATHER_STATION: Sleep #19
I (6291) PLOG: [217.117] I/WEATHER_STATION: Sleep #20
I (6296) PLOG: [224.621] I/WEATHER_STATION: Sleep #21
I (6300) PLOG: [232.125] I/WEATHER_STATION: Sleep #22
I (6305) PLOG: [239.630] I/WEATHER_STATION: Sleep #23
I (6310) PLOG: [247.134] I/WEATHER_STATION: Sleep #24
I (6315) PLOG: [254.638] I/WEATHER_STATION: Sleep #25
I (6319) PLOG: [262.142] I/WEATHER_STATION: Sleep #26
I (6324) PLOG: [269.647] I/WEATHER_STATION: Sleep #27
I (6329) PLOG: [277.151] I/WEATHER_STATION: Sleep #28
I (6334) PLOG: [284.655] I/WEATHER_STATION: Sleep #29
I (6339) PLOG: [292.159] I/WEATHER_STATION: Sleep #30
I (6343) PLOG: [299.664] I/WEATHER_STATION: Sleep #31
I (6348) PLOG: [307.168] I/WEATHER_STATION: Sleep #32
I (6353) PLOG: [311.780] I/WEATHER_STATION: Periodic timer fired - triggering sensor read
I (6361) PLOG: [311.975] I/WEATHER_STATION: Temp: 4.82C
I (6366) PLOG: [312.146] I/WEATHER_STATION: Humidity: 79.62%
I (6371) PLOG: [6.763] I/WEATHER_STATION: Device boot - starting initialization
I (6378) PLOG: [7.052] I/WEATHER_STATION: Sensor read task started
I (6384) PLOG: [11.541] I/WEATHER_STATION: Network joined - PAN:0x0a34 Ch:11 Addr:0x742a
I (6392) PLOG: [13.748] I/WEATHER_STATION: Temp: 4.80C
I (6397) PLOG: [13.901] I/WEATHER_STATION: Humidity: 79.35%
I (6402) PLOG: [14.029] I/WEATHER_STATION: Sensor report #1 complete
I (6408) PLOG: [74.542] I/WEATHER_STATION: Initial config complete - sleep enabled
I (6416) PLOG: [74.657] I/WEATHER_STATION: Sleep #1
I (6420) PLOG: [82.045] I/WEATHER_STATION: Sleep #2
I (6425) PLOG: [89.550] I/WEATHER_STATION: Sleep #3
I (6429) PLOG: [97.054] I/WEATHER_STATION: Sleep #4
I (6434) PLOG: [104.558] I/WEATHER_STATION: Sleep #5
I (6439) PLOG: [112.062] I/WEATHER_STATION: Sleep #6
I (6443) PLOG: [119.567] I/WEATHER_STATION: Sleep #7
I (6448) PLOG: [127.071] I/WEATHER_STATION: Sleep #8
I (6453) PLOG: [134.575] I/WEATHER_STATION: Sleep #9
I (6457) PLOG: [142.079] I/WEATHER_STATION: Sleep #10
I (6462) PLOG: [149.584] I/WEATHER_STATION: Sleep #11
I (6467) PLOG: [157.088] I/WEATHER_STATION: Sleep #12
I (6472) PLOG: [164.592] I/WEATHER_STATION: Sleep #13
I (6476) PLOG: [172.096] I/WEATHER_STATION: Sleep #14
I (6481) PLOG: [179.601] I/WEATHER_STATION: Sleep #15
I (6486) PLOG: [187.105] I/WEATHER_STATION: Sleep #16
I (6491) PLOG: [194.609] I/WEATHER_STATION: Sleep #17
I (6496) PLOG: [202.113] I/WEATHER_STATION: Sleep #18
I (6500) PLOG: [209.618] I/WEATHER_STATION: Sleep #19
I (6505) PLOG: [217.122] I/WEATHER_STATION: Sleep #20
I (6510) PLOG: [224.626] I/WEATHER_STATION: Sleep #21
I (6515) PLOG: [232.130] I/WEATHER_STATION: Sleep #22
I (6519) PLOG: [239.635] I/WEATHER_STATION: Sleep #23
I (6524) PLOG: [247.139] I/WEATHER_STATION: Sleep #24
I (6529) PLOG: [254.643] I/WEATHER_STATION: Sleep #25
I (6534) PLOG: [262.147] I/WEATHER_STATION: Sleep #26
I (6538) PLOG: [269.652] I/WEATHER_STATION: Sleep #27
I (6543) PLOG: [277.156] I/WEATHER_STATION: Sleep #28
I (6548) PLOG: [284.660] I/WEATHER_STATION: Sleep #29
I (6553) PLOG: [292.164] I/WEATHER_STATION: Sleep #30
I (6558) PLOG: [299.669] I/WEATHER_STATION: Sleep #31
I (6562) PLOG: [307.173] I/WEATHER_STATION: Sleep #32
I (6567) PLOG: [311.776] I/WEATHER_STATION: Periodic timer fired - triggering sensor read
I (6575) PLOG: [6.771] I/WEATHER_STATION: Device boot - starting initialization
I (6582) PLOG: [7.060] I/WEATHER_STATION: Sensor read task started
I (6588) PLOG: [11.556] I/WEATHER_STATION: Network joined - PAN:0x0a34 Ch:11 Addr:0x742a
I (6596) PLOG: [13.763] I/WEATHER_STATION: Temp: 4.51C
I (6601) PLOG: [13.880] I/WEATHER_STATION: Humidity: 81.82%
I (6606) PLOG: [14.008] I/WEATHER_STATION: Sensor report #1 complete
I (6612) PLOG: [76.665] I/WEATHER_STATION: Initial config complete - sleep enabled
I (6619) PLOG: [76.780] I/WEATHER_STATION: Sleep #1
I (6624) PLOG: [84.168] I/WEATHER_STATION: Sleep #2
I (6629) PLOG: [91.673] I/WEATHER_STATION: Sleep #3
I (6633) PLOG: [99.178] I/WEATHER_STATION: Sleep #4
I (6638) PLOG: [106.682] I/WEATHER_STATION: Sleep #5
I (6642) PLOG: [114.186] I/WEATHER_STATION: Sleep #6
I (6647) PLOG: [121.691] I/WEATHER_STATION: Sleep #7
I (6652) PLOG: [129.195] I/WEATHER_STATION: Sleep #8
I (6657) PLOG: [136.699] I/WEATHER_STATION: Sleep #9
I (6661) PLOG: [144.204] I/WEATHER_STATION: Sleep #10
I (6666) PLOG: [151.708] I/WEATHER_STATION: Sleep #11
I (6671) PLOG: [159.213] I/WEATHER_STATION: Sleep #12
I (6676) PLOG: [166.717] I/WEATHER_STATION: Sleep #13
I (6680) PLOG: [174.221] I/WEATHER_STATION: Sleep #14
I (6685) PLOG: [181.726] I/WEATHER_STATION: Sleep #15
I (6690) PLOG: [189.231] I/WEATHER_STATION: Sleep #16
I (6695) PLOG: [196.735] I/WEATHER_STATION: Sleep #17
I (6699) PLOG: [204.239] I/WEATHER_STATION: Sleep #18
I (6704) PLOG: [211.744] I/WEATHER_STATION: Sleep #19
I (6709) PLOG: [219.248] I/WEATHER_STATION: Sleep #20
I (6714) PLOG: [226.752] I/WEATHER_STATION: Sleep #21
I (6719) PLOG: [234.256] I/WEATHER_STATION: Sleep #22
I (6723) PLOG: [241.760] I/WEATHER_STATION: Sleep #23
I (6728) PLOG: [249.265] I/WEATHER_STATION: Sleep #24
I (6733) PLOG: [256.770] I/WEATHER_STATION: Sleep #25
I (6738) PLOG: [264.273] I/WEATHER_STATION: Sleep #26
I (6742) PLOG: [271.777] I/WEATHER_STATION: Sleep #27
I (6747) PLOG: [279.290] I/WEATHER_STATION: Sleep #28
I (6752) PLOG: [286.794] I/WEATHER_STATION: Sleep #29
I (6757) PLOG: [294.298] I/WEATHER_STATION: Sleep #30
I (6761) PLOG: [301.802] I/WEATHER_STATION: Sleep #31
I (6766) PLOG: [309.311] I/WEATHER_STATION: Sleep #32
I (6771) PLOG: [311.791] I/WEATHER_STATION: Periodic timer fired - triggering sensor read
I (6779) PLOG: [6.770] I/WEATHER_STATION: Device boot - starting initialization
I (6786) PLOG: [7.060] I/WEATHER_STATION: Sensor read task started
I (6792) PLOG: [11.552] I/WEATHER_STATION: Network joined - PAN:0x0a34 Ch:11 Addr:0x742a
I (6800) PLOG: [13.759] I/WEATHER_STATION: Temp: 4.14C
I (6805) PLOG: [13.876] I/WEATHER_STATION: Humidity: 82.50%
I (6810) PLOG: [14.004] I/WEATHER_STATION: Sensor report #1 complete
I (6816) PLOG: [75.281] I/WEATHER_STATION: Initial config complete - sleep enabled
I (6823) PLOG: [75.396] I/WEATHER_STATION: Sleep #1
I (6828) PLOG: [82.784] I/WEATHER_STATION: Sleep #2
I (6832) PLOG: [90.289] I/WEATHER_STATION: Sleep #3
I (6837) PLOG: [97.797] I/WEATHER_STATION: Sleep #4
I (6842) PLOG: [105.301] I/WEATHER_STATION: Sleep #5
I (6846) PLOG: [112.805] I/WEATHER_STATION: Sleep #6
I (6851) PLOG: [120.310] I/WEATHER_STATION: Sleep #7
I (6856) PLOG: [127.818] I/WEATHER_STATION: Sleep #8
I (6860) PLOG: [135.322] I/WEATHER_STATION: Sleep #9
I (6865) PLOG: [142.826] I/WEATHER_STATION: Sleep #10
I (6870) PLOG: [150.331] I/WEATHER_STATION: Sleep #11
I (6875) PLOG: [157.835] I/WEATHER_STATION: Sleep #12
I (6879) PLOG: [165.339] I/WEATHER_STATION: Sleep #13
I (6884) PLOG: [172.843] I/WEATHER_STATION: Sleep #14
I (6889) PLOG: [180.348] I/WEATHER_STATION: Sleep #15
I (6894) PLOG: [187.852] I/WEATHER_STATION: Sleep #16
I (6899) PLOG: [195.356] I/WEATHER_STATION: Sleep #17
I (6903) PLOG: [202.860] I/WEATHER_STATION: Sleep #18
I (6908) PLOG: [210.365] I/WEATHER_STATION: Sleep #19
I (6913) PLOG: [217.869] I/WEATHER_STATION: Sleep #20
I (6918) PLOG: [225.373] I/WEATHER_STATION: Sleep #21
I (6922) PLOG: [232.877] I/WEATHER_STATION: Sleep #22
I (6927) PLOG: [240.382] I/WEATHER_STATION: Sleep #23
I (6932) PLOG: [247.886] I/WEATHER_STATION: Sleep #24
I (6937) PLOG: [255.390] I/WEATHER_STATION: Sleep #25
I (6942) PLOG: [262.894] I/WEATHER_STATION: Sleep #26
I (6946) PLOG: [264.800] I/RAIN_GAUGE: Rain pulse #117: 42.16mm total
I (6953) PLOG: [266.009] I/RAIN_GAUGE: Rain pulse #118: 42.52mm total
I (6959) PLOG: [269.237] I/RAIN_GAUGE: Rain pulse #119: 42.88mm total
I (6965) PLOG: [270.316] I/RAIN_GAUGE: Rain pulse #120: 43.24mm total
I (6971) PLOG: [270.439] I/WEATHER_STATION: Sleep #27
I (6976) PLOG: [271.824] I/RAIN_GAUGE: Rain pulse #121: 43.60mm total
I (6982) PLOG: [273.903] I/RAIN_GAUGE: Rain pulse #122: 43.96mm total
I (6988) PLOG: [277.904] I/WEATHER_STATION: Sleep #28
I (6993) PLOG: [282.936] I/RAIN_GAUGE: Rain pulse #123: 44.32mm total
I (6999) PLOG: [284.168] I/RAIN_GAUGE: Rain pulse #124: 44.68mm total
I (7005) PLOG: [285.408] I/WEATHER_STATION: Sleep #29
I (7010) PLOG: [292.913] I/WEATHER_STATION: Sleep #30
I (7015) PLOG: [302.477] I/WEATHER_STATION: Sleep #31
I (7019) PLOG: [311.787] I/WEATHER_STATION: Periodic timer fired - triggering sensor read
I (7028) PLOG: [311.935] I/WEATHER_STATION: Humidity: 94.98%
I (7033) PLOG: [6.777] I/WEATHER_STATION: Device boot - starting initialization
I (7040) PLOG: [7.066] I/WEATHER_STATION: Sensor read task started
I (7046) PLOG: [11.561] I/WEATHER_STATION: Network joined - PAN:0x0a34 Ch:11 Addr:0x742a
I (7054) PLOG: [13.768] I/WEATHER_STATION: Temp: 4.64C
I (7058) PLOG: [13.885] I/WEATHER_STATION: Humidity: 96.55%
I (7064) PLOG: [14.013] I/WEATHER_STATION: Sensor report #1 complete
I (7070) PLOG: [40.502] I/RAIN_GAUGE: Rain pulse #125: 45.04mm total
I (7076) PLOG: [41.192] I/RAIN_GAUGE: Rain pulse #126: 45.40mm total
I (7082) PLOG: [6.786] I/WEATHER_STATION: Device boot - starting initialization
I (7089) PLOG: [7.076] I/WEATHER_STATION: Sensor read task started
I (7095) PLOG: [11.639] I/WEATHER_STATION: Network joined - PAN:0x0a34 Ch:11 Addr:0x742a
I (7103) PLOG: [13.846] I/WEATHER_STATION: Temp: 5.96C
I (7108) PLOG: [13.963] I/WEATHER_STATION: Humidity: 98.03%
I (7113) PLOG: [14.091] I/WEATHER_STATION: Sensor report #1 complete
I (7119) PLOG: [41.860] I/RAIN_GAUGE: Rain pulse #127: 45.76mm total
I (7121) PLOG:  ============================================================
I (7243) PLOG: [PERSISTENT] I/WEATHER_STATION: Device boot - starting initialization
W (7245) rmt: channel resolution loss, real=10666666
I (7245) WEATHER_STATION: Debug RGB LED initialized on GPIO8 (WS2812)
I (7251) ESP_ZB_OTA: Initializing Zigbee OTA
I (7255) ESP_ZB_OTA:  PM lock created - can prevent light sleep during OTA
I (7262) ESP_ZB_OTA: Currently running from partition: ota_0 at 0x60000
I (7268) ESP_ZB_OTA: OTA partition found: ota_1 at 0x200000 (size: 1703936 bytes)
I (7276) ESP_ZB_OTA: Running stable firmware (not in OTA validation mode)
I (7282) pm: Frequency switching config: CPU_MAX: 96, APB_MAX: 96, APB_MIN: 96, Light sleep: ENABLED
I (7291) WEATHER_STATION: Power management configured: max=96MHz, min=96MHz, light_sleep=enabled
W (7299) sleep: GPIO wakeup source is not available if the peripheral power domain is powered down in sleep
I (7309) WEATHER_STATION:  GPIO wakeup enabled for light sleep
I (7314) SLEEP:  Wake-up #1
I (7317) SLEEP:  Wake-up reason: POWER ON / RESET
I (7322) SLEEP: ========================================
I (7327) SLEEP:  WAKE-UP STATISTICS
I (7331) SLEEP: ========================================
I (7336) SLEEP: Boot count: 1
I (7338) SLEEP: Rainfall (RTC): 0.00 mm
I (7342) SLEEP: Pulse count (RTC): 0
I (7345) SLEEP: Duty cycle: ~0.3% (awake ~3s per 15min)
I (7350) SLEEP: Sleep efficiency: ~99.7%
I (7354) SLEEP: ========================================
I (7364) SLEEP:  Loaded from NVS: 45.76 mm, 127 pulses
I (7365) SLEEP:  Battery capacity: 2500 mAh
I (7368) SLEEP:  Daily consumption: 2.10 mAh
I (7373) SLEEP:  Estimated battery life: 1190 days (~3.3 years)
I (7379) WEATHER_STATION:  Starting Caelum Weather Station (Battery Mode)
I (7386) WEATHER_STATION:  Firmware: 1.9.50-2-g0b2a2e4-dirty (Date: Dec 29 2025 09:27:28)
I (7394) WEATHER_STATION:   OTA: Version=0x01090032, Manufacturer=0xFABC, ImageType=0x1200
I (7402) WEATHER_STATION: Wake reason: RESET
W (7406) WEATHER_STATION:  Network: Disconnected (retries: 0/20)
I (7412) WEATHER_STATION:  Sensor read task started
I (7419) WEATHER_STATION:  Sensor read task created
I (7532) PLOG: [PERSISTENT] I/WEATHER_STATION: Sensor read task started
I (7543) phy: phy_version: 323,2, a8ef10c, Aug  1 2025, 17:46:10
I (7544) phy: libbtbb version: 4515421, Aug  1 2025, 17:46:22
I (7545) sleep_clock: Modem Power, Clock and Reset sleep retention initialization
I (7553) WEATHER_STATION:  Configured as Sleepy End Device (SED) - rx_on_when_idle=false
I (7559) WEATHER_STATION:  Keep-alive poll interval: 7500 ms (7.5 sec)
I (7566) WEATHER_STATION:  Sleep threshold: 6000 ms (6.0 sec) - production optimized
I (7574) WEATHER_STATION:   Parent timeout: 64 minutes
I (7579) WEATHER_STATION:  Power profile: 0.68mA sleep, 12mA transmit, ~0.83mA average
I (7592) SLEEP:  Loaded from NVS: 45.76 mm, 127 pulses
I (7593) WEATHER_STATION:  Pre-loaded rainfall for cluster init: 45.76 mm (127 pulses)
I (7602) SLEEP:  Loaded from NVS: 0.00 value, 0 pulses
I (7606) WEATHER_STATION: Using generated version: FW_VERSION=1.9.50, FW_DATE_CODE=20251229
I (7615) WEATHER_STATION:  OTA client cluster added to endpoint 1 (version: 0x01090032, mfr: 0xFABC, type: 0x1200)
I (7629) WEATHER_STATION:  Verifying REPORTING flag on attributes...
I (7630) WEATHER_STATION:   Temperature: access=0x05  REPORTING
I (7636) WEATHER_STATION:   Humidity: access=0x05  REPORTING
I (7642) WEATHER_STATION:   Pressure: access=0x05  REPORTING
I (7647) WEATHER_STATION:   Rain gauge: access=0x07  REPORTING
I (7653) WEATHER_STATION:   Pulse counter: access=0x07  REPORTING
I (7659) WEATHER_STATION:   DS18B20 temp: access=0x05  REPORTING
I (7665) WEATHER_STATION:   Battery voltage: access=0x05  REPORTING
I (7672) WEATHER_STATION:   Battery percentage: access=0x05  REPORTING
I (7678) WEATHER_STATION: [CFG] Setting Zigbee channel mask: 0x07FFF800
I (7693) WEATHER_STATION:  SED automatic sleep mode configured - device will sleep when idle
I (7694) WEATHER_STATION:  Starting Zigbee stack main loop...
I (7699) WEATHER_STATION:  Light sleep will be triggered automatically when stack is idle
I (7707) WEATHER_STATION: ZDO signal: ZDO Config Ready (0x17), status: ESP_FAIL
I (7714) WEATHER_STATION: Initialize Zigbee stack
I (7718) WEATHER_STATION: RGB LED blink started (network joining)
I (7727) main_task: Returned from app_main()
I (10604) BUILTIN_BUTTON: Builtin button driver initialized successfully on GPIO9
E (10605) i2c.master: this port has not been initialized, please initialize it first
I (10609) i2c_bus: i2c0 bus inited
I (10611) i2c_bus: I2C Bus V2 Config Succeed, Version: 1.5.0
I (10628) i2c_bus: found i2c device address = 0x44
I (10636) i2c_bus: found i2c device address = 0x76
I (10638) SENSOR_IF: I2C scan: 2 device(s): 0x44 0x76
I (10638) SENSOR_IF: Probing for BME280...
W (10639) BME280_APP:  Detected BMP280 sensor (Chip ID: 0x58) - Temperature + Pressure ONLY (no humidity!)
I (10766) BME280_APP:  BME280 initialized in FORCED mode (sleeps between measurements)
I (10766) SENSOR_IF: BMP280 detected (no humidity), searching for separate humidity sensor...
I (10772) BMP280: bmp280_init: found BMP280 at 0x76
I (10780) SHT41: sht41_init: probe OK
I (10780) SENSOR_IF: Detected sensor combo: SHT41 + BMP280 (temp/RH from SHT41, pressure from BMP280)
I (10788) WEATHER_STATION: Sensor layer initialized (unknown type=4)
I (10794) RAIN_GAUGE: Initializing rain gauge on GPIO12 (disabled until network connection)
I (10802) RAIN_GAUGE: Current rainfall total: 45.76 mm (127 pulses)
I (10808) SLEEP:  Wake-up #2
I (10811) SLEEP:  Wake-up reason: POWER ON / RESET
I (10816) RAIN_GAUGE:  GPIO12 configured successfully
I (10821) RAIN_GAUGE:  GPIO12 configured as light sleep wake source
I (10827) RAIN_GAUGE:  Initial GPIO12 level: 0 (with pull-down)
E (10833) gpio: gpio_install_isr_service(526): GPIO isr service already installed
I (10840) RAIN_GAUGE:  ISR handler installed early on GPIO12 (will count pulses while offline)
I (10849) RAIN_GAUGE: Rain gauge GPIO configured; ISR installed and interrupt enabled for offline counting
I (10858) RAIN_GAUGE: Rain gauge task started, waiting for events...
I (10859) RAIN_GAUGE: Rain gauge initialized successfully. Current total: 45.76 mm
I (10872) RAIN_GAUGE:  GPIO12 monitoring: level=0, pull-down=enabled, trigger=RISING_EDGE
I (10880) RAIN_GAUGE: Rain gauge ready - initial report will occur after network connection
I (10888) PULSE_COUNTER: Initializing pulse counter on GPIO13 (disabled until network connection)
I (10897) SLEEP:  Loaded from RTC: 0.00 value, 0 pulses
I (10902) PULSE_COUNTER: Current pulse counter total: 0.00 (0 pulses)
I (10908) PULSE_COUNTER:  GPIO13 configured successfully
I (10913) PULSE_COUNTER:  GPIO13 configured as light sleep wake source
I (10920) PULSE_COUNTER:  Initial GPIO13 level: 0 (with pull-down)
E (10926) gpio: gpio_install_isr_service(526): GPIO isr service already installed
I (10933) PULSE_COUNTER:  ISR handler installed early on GPIO13
I (10939) PULSE_COUNTER: Pulse counter task started, waiting for events...
I (10940) PULSE_COUNTER: Pulse counter initialized successfully. Current total: 0.00
I (10953) PULSE_COUNTER:  GPIO13 monitoring: level=0, pull-down=enabled, trigger=RISING_EDGE
I (10962) PULSE_COUNTER: Pulse counter ready - initial report will occur after network connection
I (10970) DS18B20: Initializing DS18B20 on GPIO24...
I (10976) DS18B20:  DS18B20 detected on GPIO24 (first attempt)
I (10981) DS18B20: Performing initial temperature reading...
I (11841) DS18B20:  Initial temperature reading: 16.75C (raw: 0x010C)
I (11842) DS18B20:  Initial attribute updated
I (11842) BATTERY: ADC calibration scheme: Curve Fitting
I (11846) BATTERY:  Battery ADC initialized on GPIO4 (ADC1_CH4)
I (10604) WEATHER_STATION: Deferred driver initialization successful
I (11858) WEATHER_STATION: Device started up in non factory-reset mode
I (11865) WEATHER_STATION: Device rebooted - rejoining previous network
I (11885) WEATHER_STATION: Joined network successfully (Extended PAN ID: dd:dd:dd:dd:dd:dd:dd:dd, PAN ID: 0x0a34, Channel:11, Short Address: 0x742a)
I (12012) PLOG: [PERSISTENT] I/WEATHER_STATION: Network joined - PAN:0x0a34 Ch:11 Addr:0x742a
I (12013) WEATHER_STATION:  Network join time recorded - sleep disabled for 60 seconds to allow reporting configuration
I (12021) RAIN_GAUGE:  Enabling rain gauge ISR on GPIO12 (installed: YES)
I (12028) RAIN_GAUGE:  Rain gauge ISR enabled successfully on GPIO12
I (12034) RAIN_GAUGE:  Current GPIO12 level at enable: 0
I (12039) RAIN_GAUGE: Rain gauge enabled - device connected to Zigbee network
I (12046) PULSE_COUNTER:  Enabling pulse counter ISR on GPIO13 (installed: YES)
I (12054) PULSE_COUNTER:  Pulse counter ISR enabled successfully on GPIO13
I (12060) PULSE_COUNTER:  Current GPIO13 level at enable: 0
I (12066) PULSE_COUNTER: Pulse counter enabled - device connected to Zigbee network
I (12074) WEATHER_STATION:  Scheduling initial sensor data updates after network join
I (12081) WEATHER_STATION:  Periodic sensor reading started: every 5 minutes (300000 ms)
I (12089) WEATHER_STATION:  Reporting to coordinator controlled by Zigbee reporting configuration
I (12098) WEATHER_STATION:  Heartbeat timer started (interval: 30 minutes)
I (12105) WEATHER_STATION:  LED will power down in 5 seconds to save battery
I (12112) WEATHER_STATION:  Initial reports scheduled - device will sleep when idle
I (12082) RAIN_GAUGE:  Rain gauge attribute updated: 45.76 mm (127 pulses)
I (12082) PULSE_COUNTER:  Pulse counter attribute updated: 0.00 (0 pulses)
I (13074) WEATHER_STATION:  Configuring bindings and reporting for analog input endpoints
W (13075) RAIN_GAUGE: Failed to acquire Zigbee lock for rain gauge reporting config (timeout)
W (13080) PULSE_COUNTER: Failed to acquire Zigbee lock for pulse counter reporting config (timeout)
I (13098) WEATHER_STATION:  Binding created for rain gauge analog input cluster
I (13099) WEATHER_STATION:  Binding created for pulse counter analog input cluster
I (14103) WEATHER_STATION:  Temperature: 9.22C (attribute updated)
I (14219) PLOG: [PERSISTENT] I/WEATHER_STATION: Temp: 9.22C
I (14220) WEATHER_STATION:  Humidity: 98.52% (attribute updated)
I (14336) PLOG: [PERSISTENT] I/WEATHER_STATION: Humidity: 98.52%
I (14338) WEATHER_STATION:   Pressure: 1008.66 hPa (raw: 10086 x0.1kPa - attribute updated)
I (14340) WEATHER_STATION:  Sensor data reported. Device will enter light sleep until next event.